[20:33:43] [TRACE]	This is a trace message
[20:33:43] [INFO]	This is an info message
[20:33:43] [DEBUG]	This is a debug message
[20:33:43] [WARN]	This is a warning message
[20:33:43] [ERROR]	This is an error message
[20:33:43] [FATAL]	This is a fatal message
[20:34:07] [TRACE] This is a trace message
[20:34:07] [INFO] This is an info message
[20:34:07] [DEBUG] This is a debug message
[20:34:07] [WARN] This is a warning message
[20:34:07] [ERROR] This is an error message
[20:34:07] [FATAL] This is a fatal message
[20:45:22] [TRACE] This is a trace message
[20:45:22] [INFO] This is an info message
[20:45:22] [DEBUG] This is a debug message
[20:45:22] [WARN] This is a warning message
[20:45:22] [ERROR] This is an error message
[20:45:22] [FATAL] This is a fatal message
[20:46:01] [TRACE] This is a trace message
[20:46:01] [INFO] This is an info message
[20:46:01] [DEBUG] This is a debug message
[20:46:01] [WARN] This is a warning message
[20:46:01] [ERROR] This is an error message
[20:46:01] [FATAL] This is a fatal message
[20:46:24] [TRACE] This is a trace message
[20:46:24] [INFO] This is an info message
[20:46:24] [DEBUG] This is a debug message
[20:46:24] [WARN] This is a warning message
[20:46:24] [ERROR] This is an error message
[20:46:24] [FATAL] This is a fatal message
[20:47:12] [TRACE] This is a trace message
[20:47:12] [INFO] This is an info message
[20:47:12] [DEBUG] This is a debug message
[20:47:12] [WARN] This is a warning message
[20:47:12] [ERROR] This is an error message
[20:47:12] [FATAL] This is a fatal message
[20:48:33] [TRACE] This is a trace message
[20:48:33] [INFO] This is an info message
[20:48:33] [DEBUG] This is a debug message
[20:48:33] [WARN] This is a warning message
[20:48:33] [ERROR] This is an error message
[20:48:33] [FATAL] This is a fatal message
[20:49:02] [TRACE] This is a trace message
[20:49:02] [INFO] This is an info message
[20:49:02] [DEBUG] This is a debug message
[20:49:02] [WARN] This is a warning message
[20:49:02] [ERROR] This is an error message
[20:49:02] [FATAL] This is a fatal message
[20:50:41] [TRACE] This is a trace message
[20:50:41] [INFO] This is an info message
[20:50:41] [DEBUG] This is a debug message
[20:50:41] [WARN] This is a warning message
[20:50:41] [ERROR] This is an error message
[20:50:41] [FATAL] This is a fatal message
[20:51:09] [TRACE] This is a trace message
[20:51:09] [INFO] This is an info message
[20:51:09] [DEBUG] This is a debug message
[20:51:09] [WARN] This is a warning message
[20:51:09] [ERROR] This is an error message
[20:51:09] [FATAL] This is a fatal message
[20:51:18] [TRACE] This is a trace message
[20:51:18] [INFO] This is an info message
[20:51:18] [DEBUG] This is a debug message
[20:51:18] [WARN] This is a warning message
[20:51:18] [ERROR] This is an error message
[20:51:18] [FATAL] This is a fatal message
